mode: set
github.com/securenotes/securenotes-api/internal/handlers/notes.go:21.69,23.2 1 0
github.com/securenotes/securenotes-api/internal/handlers/notes.go:26.47,32.2 1 0
github.com/securenotes/securenotes-api/internal/handlers/notes.go:35.52,41.2 2 0
github.com/securenotes/securenotes-api/internal/handlers/notes.go:44.52,48.16 3 0
github.com/securenotes/securenotes-api/internal/handlers/notes.go:48.16,54.3 2 0
github.com/securenotes/securenotes-api/internal/handlers/notes.go:56.2,56.44 1 0
github.com/securenotes/securenotes-api/internal/handlers/notes.go:60.51,63.47 2 0
github.com/securenotes/securenotes-api/internal/handlers/notes.go:63.47,69.3 2 0
github.com/securenotes/securenotes-api/internal/handlers/notes.go:71.2,72.49 2 0
github.com/securenotes/securenotes-api/internal/handlers/notes.go:76.51,80.47 3 0
github.com/securenotes/securenotes-api/internal/handlers/notes.go:80.47,86.3 2 0
github.com/securenotes/securenotes-api/internal/handlers/notes.go:88.2,89.16 2 0
github.com/securenotes/securenotes-api/internal/handlers/notes.go:89.16,95.3 2 0
github.com/securenotes/securenotes-api/internal/handlers/notes.go:97.2,97.44 1 0
github.com/securenotes/securenotes-api/internal/handlers/notes.go:101.51,104.42 2 0
github.com/securenotes/securenotes-api/internal/handlers/notes.go:104.42,110.3 2 0
github.com/securenotes/securenotes-api/internal/handlers/notes.go:112.2,112.70 1 0
github.com/securenotes/securenotes-api/internal/middleware/logging.go:11.31,12.30 1 0
github.com/securenotes/securenotes-api/internal/middleware/logging.go:12.30,31.3 7 0
github.com/securenotes/securenotes-api/internal/middleware/logging.go:35.33,36.30 1 0
github.com/securenotes/securenotes-api/internal/middleware/logging.go:36.30,37.16 1 0
github.com/securenotes/securenotes-api/internal/middleware/logging.go:37.16,38.36 1 0
github.com/securenotes/securenotes-api/internal/middleware/logging.go:38.36,44.5 2 0
github.com/securenotes/securenotes-api/internal/middleware/logging.go:46.3,46.11 1 0
github.com/securenotes/securenotes-api/internal/repository/notes_repo.go:32.60,36.2 1 0
github.com/securenotes/securenotes-api/internal/repository/notes_repo.go:39.58,44.31 4 0
github.com/securenotes/securenotes-api/internal/repository/notes_repo.go:44.31,46.3 1 0
github.com/securenotes/securenotes-api/internal/repository/notes_repo.go:47.2,47.14 1 0
github.com/securenotes/securenotes-api/internal/repository/notes_repo.go:51.76,56.13 4 0
github.com/securenotes/securenotes-api/internal/repository/notes_repo.go:56.13,58.3 1 0
github.com/securenotes/securenotes-api/internal/repository/notes_repo.go:59.2,59.19 1 0
github.com/securenotes/securenotes-api/internal/repository/notes_repo.go:63.85,78.2 6 0
github.com/securenotes/securenotes-api/internal/repository/notes_repo.go:81.105,86.13 4 0
github.com/securenotes/securenotes-api/internal/repository/notes_repo.go:86.13,88.3 1 0
github.com/securenotes/securenotes-api/internal/repository/notes_repo.go:90.2,90.21 1 0
github.com/securenotes/securenotes-api/internal/repository/notes_repo.go:90.21,92.3 1 0
github.com/securenotes/securenotes-api/internal/repository/notes_repo.go:93.2,93.23 1 0
github.com/securenotes/securenotes-api/internal/repository/notes_repo.go:93.23,95.3 1 0
github.com/securenotes/securenotes-api/internal/repository/notes_repo.go:96.2,99.19 3 0
github.com/securenotes/securenotes-api/internal/repository/notes_repo.go:103.59,107.39 3 0
github.com/securenotes/securenotes-api/internal/repository/notes_repo.go:107.39,109.3 1 0
github.com/securenotes/securenotes-api/internal/repository/notes_repo.go:111.2,112.12 2 0
github.com/securenotes/securenotes-api/cmd/api/main.go:13.13,16.16 2 0
github.com/securenotes/securenotes-api/cmd/api/main.go:16.16,18.3 1 0
github.com/securenotes/securenotes-api/cmd/api/main.go:21.2,22.19 2 0
github.com/securenotes/securenotes-api/cmd/api/main.go:22.19,24.3 1 0
github.com/securenotes/securenotes-api/cmd/api/main.go:25.2,45.2 9 0
github.com/securenotes/securenotes-api/cmd/api/main.go:45.2,47.3 2 0
github.com/securenotes/securenotes-api/cmd/api/main.go:47.3,53.4 5 0
github.com/securenotes/securenotes-api/cmd/api/main.go:57.2,58.47 2 0
github.com/securenotes/securenotes-api/cmd/api/main.go:58.47,60.3 1 0
